app/build/outputs/mapping/full/release/mapping.txt
# compiler: R8
# compiler_version: 1.5.69
# min_api: 14
# pg_map_id: 22b033c
...
com.mapbox.android.telemetry.ComCertificatePins$1$1 -> c.b.a.b.l$a$a:
com.mapbox.android.telemetry.ComServerInformation -> c.b.a.b.m:
    void nextChain(com.mapbox.android.telemetry.EnvironmentResolver) -> a
    com.mapbox.android.telemetry.ServerInformation obtainServerInformation(android.os.Bundle) -> a
com.mapbox.android.telemetry.ConcurrentQueue -> c.b.a.b.n:
    java.util.Queue queue -> a
    boolean add(java.lang.Object) -> a
    java.util.List flush() -> a
    int size() -> b
com.mapbox.android.telemetry.ConfigurationChangeHandler -> c.b.a.b.o:
    void onUpdate(java.lang.String) -> a
com.mapbox.android.telemetry.ConfigurationClient -> c.b.a.b.p:
    android.content.Context context -> a
    java.util.List handlers -> e
    okhttp3.OkHttpClient client -> d
    java.lang.String accessToken -> c
    java.util.Map ENDPOINTS -> f
    java.lang.String userAgent -> b
    void addHandler(com.mapbox.android.telemetry.ConfigurationChangeHandler) -> a
    java.lang.String determineConfigEndpoint(android.content.Context) -> a
    okhttp3.HttpUrl generateRequestUrl(android.content.Context,java.lang.String) -> a
    void onFailure(okhttp3.Call,java.io.IOException) -> a
    void onResponse(okhttp3.Call,okhttp3.Response) -> a
    boolean shouldUpdate() -> a
    void update() -> b
    void saveTimestamp() -> c
com.mapbox.android.telemetry.ConfigurationClient$1 -> c.b.a.b.p$a:
com.mapbox.android.telemetry.CrashEvent -> c.b.a.b.q:
    java.lang.String created -> c
    java.lang.String event -> b
    java.lang.String stackTraceHash -> d
    com.mapbox.android.telemetry.Event$Type obtainType() -> a
    java.lang.String getHash() -> b
    boolean isValid() -> c
com.mapbox.android.telemetry.Environment -> c.b.a.b.r:
    com.mapbox.android.telemetry.Environment[] $VALUES -> e
    com.mapbox.android.telemetry.Environment CHINA -> d
    com.mapbox.android.telemetry.Environment STAGING -> b
    com.mapbox.android.telemetry.Environment COM -> c
com.mapbox.android.telemetry.EnvironmentChain -> c.b.a.b.s:
    com.mapbox.android.telemetry.EnvironmentResolver setup() -> a
com.mapbox.android.telemetry.EnvironmentResolver -> c.b.a.b.t:
    void nextChain(com.mapbox.android.telemetry.EnvironmentResolver) -> a
    com.mapbox.android.telemetry.ServerInformation obtainServerInformation(android.os.Bundle) -> a
com.mapbox.android.telemetry.Event -> c.b.a.b.u:
    com.mapbox.android.telemetry.Event$Type obtainType() -> a
com.mapbox.android.telemetry.Event$Type -> c.b.a.b.u$a:
    com.mapbox.android.telemetry.Event$Type VIS_ATTACHMENT -> p
    com.mapbox.android.telemetry.Event$Type VIS_GENERAL -> o
    com.mapbox.android.telemetry.Event$Type NO_OP -> r
    com.mapbox.android.telemetry.Event$Type VIS_OBJ_DETECTION -> q
    com.mapbox.android.telemetry.Event$Type NAV_REROUTE -> l
    com.mapbox.android.telemetry.Event$Type NAV_CANCEL -> k
    com.mapbox.android.telemetry.Event$Type NAV_FASTER_ROUTE -> n
    com.mapbox.android.telemetry.Event$Type NAV_FEEDBACK -> m
    com.mapbox.android.telemetry.Event$Type CRASH -> s
    com.mapbox.android.telemetry.Event$Type TURNSTILE -> b
    com.mapbox.android.telemetry.Event$Type[] $VALUES -> t
    com.mapbox.android.telemetry.Event$Type LOCATION -> h
    com.mapbox.android.telemetry.Event$Type OFFLINE_DOWNLOAD_COMPLETE -> g
    com.mapbox.android.telemetry.Event$Type NAV_ARRIVE -> j
    com.mapbox.android.telemetry.Event$Type NAV_DEPART -> i
    com.mapbox.android.telemetry.Event$Type MAP_CLICK -> d
    com.mapbox.android.telemetry.Event$Type MAP_LOAD -> c
    com.mapbox.android.telemetry.Event$Type OFFLINE_DOWNLOAD_START -> f
    com.mapbox.android.telemetry.Event$Type MAP_DRAGEND -> e